ISim log file
Running: /home/co-eda/Desktop/Verilog/P7/P7_L0_2022/mips_txt_int_isim_beh.exe -intstyle ise -gui -tclbatch isim.cmd -wdb /home/co-eda/Desktop/Verilog/P7/P7_L0_2022/mips_txt_int_isim_beh.wdb 
ISim P.20131013 (signature 0xfbc00daa)
----------------------------------------------------------------------
WARNING:Security:42 - Your software subscription period has lapsed. Your current version of Xilinx tools will continue to function, but you no longer qualify for Xilinx software updates or new releases.


----------------------------------------------------------------------
This is a Full version of ISim.
Time resolution is 1 ps
# onerror resume
# wave add /
# run 1000 ns
Simulator is doing circuit initialization process.
Finished circuit initialization process.
                 450@00003000: $ 1 <= ffff0000
                 550@00003004: $ 1 <= fffffc01
                 750@0000300c: $ 2 <= ffff0000
# run 1.00us
                1250@00004180: $26 <= 00001000
                1350@00004184: $27 <= 00003010
                1450@00004188: $27 <= 0000007c
                1550@0000418c: $26 <= 00000000
                1950@000041ac: $27 <= 00002137
# run 1.00us
                2550@00003010: $ 2 <= ffff1234
# run 1.00us
                3050@00004180: $26 <= 00001000
                3150@00004184: $27 <= 00003014
                3250@00004188: $27 <= 0000007c
                3350@0000418c: $26 <= 00000000
                3750@000041ac: $27 <= 00002137
# run 1.00us
                4250@00003014: *00000000 <= ffff1234
                4450@00003018: $ 3 <= 0000fc01
                4950@00004180: $26 <= 00001000
# run 1.00us
                5050@00004184: $27 <= 0000301c
                5150@00004188: $27 <= 0000007c
                5250@0000418c: $26 <= 00000000
                5650@000041ac: $27 <= 00002137
# run 1.00us
                6750@00004180: $26 <= 00001000
                6850@00004184: $27 <= 00003020
                6950@00004188: $27 <= 0000007c
# run 1.00us
                7050@0000418c: $26 <= 00000000
                7450@000041ac: $27 <= 00002137
# run 1.00us
                8050@00003020: $ 4 <= ffff1234
                8150@00003024: $ 5 <= ffff1234
                8750@00004180: $26 <= 00001000
                8850@00004184: $27 <= 00003028
                8950@00004188: $27 <= 0000007c
# run 1.00us
                9050@0000418c: $26 <= 00000000
                9450@000041ac: $27 <= 00002137
# run 1.00us
               10050@00003028: $ 6 <= fffe2468
               10150@0000302c: $ 7 <= 7fff0000
               10250@00003030: $ 8 <= 7fff0000
               10850@00004180: $26 <= 00001000
               10950@00004184: $27 <= 00003034
# run 1.00us
               11050@00004188: $27 <= 0000007c
               11150@0000418c: $26 <= 00000000
               11550@000041ac: $27 <= 00002137
# run 1.00us
               12650@00004180: $26 <= 80001000
               12750@00004184: $27 <= 00003038
               12850@00004188: $27 <= 0000007c
               12950@0000418c: $26 <= 00000000
